[2024-07-15T21:21:51.723+0000] {taskinstance.py:1956} INFO - Dependencies all met for dep_context=non-requeueable deps ti=<TaskInstance: generated_dag.run_script_task manual__2024-07-15T21:12:37.179893+00:00 [queued]>
[2024-07-15T21:21:51.731+0000] {taskinstance.py:1956} INFO - Dependencies all met for dep_context=requeueable deps ti=<TaskInstance: generated_dag.run_script_task manual__2024-07-15T21:12:37.179893+00:00 [queued]>
[2024-07-15T21:21:51.732+0000] {taskinstance.py:2170} INFO - Starting attempt 2 of 2
[2024-07-15T21:21:51.743+0000] {taskinstance.py:2191} INFO - Executing <Task(PythonOperator): run_script_task> on 2024-07-15 21:12:37.179893+00:00
[2024-07-15T21:21:51.749+0000] {standard_task_runner.py:60} INFO - Started process 1784 to run task
[2024-07-15T21:21:51.752+0000] {standard_task_runner.py:87} INFO - Running: ['***', 'tasks', 'run', 'generated_dag', 'run_script_task', 'manual__2024-07-15T21:12:37.179893+00:00', '--job-id', '107', '--raw', '--subdir', 'DAGS_FOLDER/generated_dag.py', '--cfg-path', '/tmp/tmpw0oylwr5']
[2024-07-15T21:21:51.755+0000] {standard_task_runner.py:88} INFO - Job 107: Subtask run_script_task
[2024-07-15T21:21:51.801+0000] {task_command.py:423} INFO - Running <TaskInstance: generated_dag.run_script_task manual__2024-07-15T21:12:37.179893+00:00 [running]> on host e66935bdb0d8
[2024-07-15T21:21:51.874+0000] {taskinstance.py:2480} INFO - Exporting env vars: AIRFLOW_CTX_DAG_OWNER='***' AIRFLOW_CTX_DAG_ID='generated_dag' AIRFLOW_CTX_TASK_ID='run_script_task' AIRFLOW_CTX_EXECUTION_DATE='2024-07-15T21:12:37.179893+00:00' AIRFLOW_CTX_TRY_NUMBER='2' AIRFLOW_CTX_DAG_RUN_ID='manual__2024-07-15T21:12:37.179893+00:00'
[2024-07-15T21:21:51.907+0000] {taskinstance.py:2698} ERROR - Task failed with exception
Traceback (most recent call last):
  File "/home/airflow/.local/lib/python3.8/site-packages/airflow/models/taskinstance.py", line 433, in _execute_task
    result = execute_callable(context=context, **execute_callable_kwargs)
  File "/home/airflow/.local/lib/python3.8/site-packages/airflow/operators/python.py", line 199, in execute
    return_value = self.execute_callable()
  File "/home/airflow/.local/lib/python3.8/site-packages/airflow/operators/python.py", line 216, in execute_callable
    return self.python_callable(*self.op_args, **self.op_kwargs)
  File "/opt/airflow/dags/generated_dag.py", line 7, in run_script
    subprocess.run(['python', 'generated_code.py'], check=True)
  File "/usr/local/lib/python3.8/subprocess.py", line 516, in run
    raise CalledProcessError(retcode, process.args,
subprocess.CalledProcessError: Command '['python', 'generated_code.py']' returned non-zero exit status 2.
[2024-07-15T21:21:51.921+0000] {taskinstance.py:1138} INFO - Marking task as FAILED. dag_id=generated_dag, task_id=run_script_task, execution_date=20240715T211237, start_date=20240715T212151, end_date=20240715T212151
[2024-07-15T21:21:51.933+0000] {standard_task_runner.py:107} ERROR - Failed to execute job 107 for task run_script_task (Command '['python', 'generated_code.py']' returned non-zero exit status 2.; 1784)
[2024-07-15T21:21:51.965+0000] {local_task_job_runner.py:234} INFO - Task exited with return code 1
[2024-07-15T21:21:52.027+0000] {taskinstance.py:3280} INFO - 0 downstream tasks scheduled from follow-on schedule check
