[2024-07-15T21:06:51.509+0000] {taskinstance.py:1956} INFO - Dependencies all met for dep_context=non-requeueable deps ti=<TaskInstance: generated_dag.run_script_task scheduled__2024-07-15T00:16:00+00:00 [queued]>
[2024-07-15T21:06:51.518+0000] {taskinstance.py:1956} INFO - Dependencies all met for dep_context=requeueable deps ti=<TaskInstance: generated_dag.run_script_task scheduled__2024-07-15T00:16:00+00:00 [queued]>
[2024-07-15T21:06:51.519+0000] {taskinstance.py:2170} INFO - Starting attempt 1 of 2
[2024-07-15T21:06:51.535+0000] {taskinstance.py:2191} INFO - Executing <Task(PythonOperator): run_script_task> on 2024-07-15 00:16:00+00:00
[2024-07-15T21:06:51.541+0000] {standard_task_runner.py:60} INFO - Started process 1268 to run task
[2024-07-15T21:06:51.545+0000] {standard_task_runner.py:87} INFO - Running: ['***', 'tasks', 'run', 'generated_dag', 'run_script_task', 'scheduled__2024-07-15T00:16:00+00:00', '--job-id', '47', '--raw', '--subdir', 'DAGS_FOLDER/generated_dag.py', '--cfg-path', '/tmp/tmp8b1nwbgo']
[2024-07-15T21:06:51.548+0000] {standard_task_runner.py:88} INFO - Job 47: Subtask run_script_task
[2024-07-15T21:06:51.610+0000] {task_command.py:423} INFO - Running <TaskInstance: generated_dag.run_script_task scheduled__2024-07-15T00:16:00+00:00 [running]> on host e66935bdb0d8
[2024-07-15T21:06:51.707+0000] {taskinstance.py:2480} INFO - Exporting env vars: AIRFLOW_CTX_DAG_OWNER='***' AIRFLOW_CTX_DAG_ID='generated_dag' AIRFLOW_CTX_TASK_ID='run_script_task' AIRFLOW_CTX_EXECUTION_DATE='2024-07-15T00:16:00+00:00' AIRFLOW_CTX_TRY_NUMBER='1' AIRFLOW_CTX_DAG_RUN_ID='scheduled__2024-07-15T00:16:00+00:00'
[2024-07-15T21:06:52.581+0000] {taskinstance.py:2698} ERROR - Task failed with exception
Traceback (most recent call last):
  File "/home/airflow/.local/lib/python3.8/site-packages/airflow/models/taskinstance.py", line 433, in _execute_task
    result = execute_callable(context=context, **execute_callable_kwargs)
  File "/home/airflow/.local/lib/python3.8/site-packages/airflow/operators/python.py", line 199, in execute
    return_value = self.execute_callable()
  File "/home/airflow/.local/lib/python3.8/site-packages/airflow/operators/python.py", line 216, in execute_callable
    return self.python_callable(*self.op_args, **self.op_kwargs)
  File "/opt/airflow/dags/generated_dag.py", line 7, in run_script
    subprocess.run(['python', '/opt/airflow/dags/generated_code.py'], check=True)
  File "/usr/local/lib/python3.8/subprocess.py", line 516, in run
    raise CalledProcessError(retcode, process.args,
subprocess.CalledProcessError: Command '['python', '/opt/airflow/dags/generated_code.py']' returned non-zero exit status 1.
[2024-07-15T21:06:52.600+0000] {taskinstance.py:1138} INFO - Marking task as UP_FOR_RETRY. dag_id=generated_dag, task_id=run_script_task, execution_date=20240715T001600, start_date=20240715T210651, end_date=20240715T210652
[2024-07-15T21:06:52.736+0000] {standard_task_runner.py:107} ERROR - Failed to execute job 47 for task run_script_task (Command '['python', '/opt/airflow/dags/generated_code.py']' returned non-zero exit status 1.; 1268)
[2024-07-15T21:06:52.763+0000] {local_task_job_runner.py:234} INFO - Task exited with return code 1
[2024-07-15T21:06:52.791+0000] {taskinstance.py:3280} INFO - 0 downstream tasks scheduled from follow-on schedule check
[2024-07-16T00:06:33.981+0000] {taskinstance.py:1956} INFO - Dependencies all met for dep_context=non-requeueable deps ti=<TaskInstance: generated_dag.run_script_task scheduled__2024-07-15T00:16:00+00:00 [queued]>
[2024-07-16T00:06:33.998+0000] {taskinstance.py:1956} INFO - Dependencies all met for dep_context=requeueable deps ti=<TaskInstance: generated_dag.run_script_task scheduled__2024-07-15T00:16:00+00:00 [queued]>
[2024-07-16T00:06:33.999+0000] {taskinstance.py:2170} INFO - Starting attempt 1 of 2
[2024-07-16T00:06:34.023+0000] {taskinstance.py:2191} INFO - Executing <Task(PythonOperator): run_script_task> on 2024-07-15 00:16:00+00:00
[2024-07-16T00:06:34.031+0000] {standard_task_runner.py:60} INFO - Started process 3014 to run task
[2024-07-16T00:06:34.037+0000] {standard_task_runner.py:87} INFO - Running: ['***', 'tasks', 'run', 'generated_dag', 'run_script_task', 'scheduled__2024-07-15T00:16:00+00:00', '--job-id', '1093', '--raw', '--subdir', 'DAGS_FOLDER/generated_dag.py', '--cfg-path', '/tmp/tmp4q3bi4tt']
[2024-07-16T00:06:34.042+0000] {standard_task_runner.py:88} INFO - Job 1093: Subtask run_script_task
[2024-07-16T00:06:34.160+0000] {task_command.py:423} INFO - Running <TaskInstance: generated_dag.run_script_task scheduled__2024-07-15T00:16:00+00:00 [running]> on host 3f7dfc26d15f
[2024-07-16T00:06:34.316+0000] {taskinstance.py:2480} INFO - Exporting env vars: AIRFLOW_CTX_DAG_OWNER='***' AIRFLOW_CTX_DAG_ID='generated_dag' AIRFLOW_CTX_TASK_ID='run_script_task' AIRFLOW_CTX_EXECUTION_DATE='2024-07-15T00:16:00+00:00' AIRFLOW_CTX_TRY_NUMBER='1' AIRFLOW_CTX_DAG_RUN_ID='scheduled__2024-07-15T00:16:00+00:00'
[2024-07-16T00:06:35.922+0000] {taskinstance.py:2698} ERROR - Task failed with exception
Traceback (most recent call last):
  File "/home/airflow/.local/lib/python3.8/site-packages/airflow/models/taskinstance.py", line 433, in _execute_task
    result = execute_callable(context=context, **execute_callable_kwargs)
  File "/home/airflow/.local/lib/python3.8/site-packages/airflow/operators/python.py", line 199, in execute
    return_value = self.execute_callable()
  File "/home/airflow/.local/lib/python3.8/site-packages/airflow/operators/python.py", line 216, in execute_callable
    return self.python_callable(*self.op_args, **self.op_kwargs)
  File "/opt/airflow/dags/generated_dag.py", line 7, in run_script
    subprocess.run(['python', '/opt/airflow/dags/generated_code.py'], check=True)
  File "/usr/local/lib/python3.8/subprocess.py", line 516, in run
    raise CalledProcessError(retcode, process.args,
subprocess.CalledProcessError: Command '['python', '/opt/airflow/dags/generated_code.py']' returned non-zero exit status 1.
[2024-07-16T00:06:35.963+0000] {taskinstance.py:1138} INFO - Marking task as UP_FOR_RETRY. dag_id=generated_dag, task_id=run_script_task, execution_date=20240715T001600, start_date=20240716T000633, end_date=20240716T000635
[2024-07-16T00:06:36.219+0000] {standard_task_runner.py:107} ERROR - Failed to execute job 1093 for task run_script_task (Command '['python', '/opt/airflow/dags/generated_code.py']' returned non-zero exit status 1.; 3014)
[2024-07-16T00:06:36.279+0000] {local_task_job_runner.py:234} INFO - Task exited with return code 1
[2024-07-16T00:06:36.383+0000] {taskinstance.py:3280} INFO - 0 downstream tasks scheduled from follow-on schedule check
