[2024-07-15T21:01:33.125+0000] {taskinstance.py:1956} INFO - Dependencies all met for dep_context=non-requeueable deps ti=<TaskInstance: generated_dag.run_script_task scheduled__2024-07-15T00:12:00+00:00 [queued]>
[2024-07-15T21:01:33.159+0000] {taskinstance.py:1956} INFO - Dependencies all met for dep_context=requeueable deps ti=<TaskInstance: generated_dag.run_script_task scheduled__2024-07-15T00:12:00+00:00 [queued]>
[2024-07-15T21:01:33.160+0000] {taskinstance.py:2170} INFO - Starting attempt 1 of 2
[2024-07-15T21:01:33.210+0000] {taskinstance.py:2191} INFO - Executing <Task(PythonOperator): run_script_task> on 2024-07-15 00:12:00+00:00
[2024-07-15T21:01:33.224+0000] {standard_task_runner.py:60} INFO - Started process 1063 to run task
[2024-07-15T21:01:33.229+0000] {standard_task_runner.py:87} INFO - Running: ['***', 'tasks', 'run', 'generated_dag', 'run_script_task', 'scheduled__2024-07-15T00:12:00+00:00', '--job-id', '23', '--raw', '--subdir', 'DAGS_FOLDER/generated_dag.py', '--cfg-path', '/tmp/tmprwcmvu3y']
[2024-07-15T21:01:33.244+0000] {standard_task_runner.py:88} INFO - Job 23: Subtask run_script_task
[2024-07-15T21:01:33.405+0000] {task_command.py:423} INFO - Running <TaskInstance: generated_dag.run_script_task scheduled__2024-07-15T00:12:00+00:00 [running]> on host e66935bdb0d8
[2024-07-15T21:01:33.597+0000] {taskinstance.py:2480} INFO - Exporting env vars: AIRFLOW_CTX_DAG_OWNER='***' AIRFLOW_CTX_DAG_ID='generated_dag' AIRFLOW_CTX_TASK_ID='run_script_task' AIRFLOW_CTX_EXECUTION_DATE='2024-07-15T00:12:00+00:00' AIRFLOW_CTX_TRY_NUMBER='1' AIRFLOW_CTX_DAG_RUN_ID='scheduled__2024-07-15T00:12:00+00:00'
[2024-07-15T21:01:34.555+0000] {taskinstance.py:2698} ERROR - Task failed with exception
Traceback (most recent call last):
  File "/home/airflow/.local/lib/python3.8/site-packages/airflow/models/taskinstance.py", line 433, in _execute_task
    result = execute_callable(context=context, **execute_callable_kwargs)
  File "/home/airflow/.local/lib/python3.8/site-packages/airflow/operators/python.py", line 199, in execute
    return_value = self.execute_callable()
  File "/home/airflow/.local/lib/python3.8/site-packages/airflow/operators/python.py", line 216, in execute_callable
    return self.python_callable(*self.op_args, **self.op_kwargs)
  File "/opt/airflow/dags/generated_dag.py", line 7, in run_script
    subprocess.run(['python', '/opt/airflow/dags/generated_code.py'], check=True)
  File "/usr/local/lib/python3.8/subprocess.py", line 516, in run
    raise CalledProcessError(retcode, process.args,
subprocess.CalledProcessError: Command '['python', '/opt/airflow/dags/generated_code.py']' returned non-zero exit status 1.
[2024-07-15T21:01:34.572+0000] {taskinstance.py:1138} INFO - Marking task as UP_FOR_RETRY. dag_id=generated_dag, task_id=run_script_task, execution_date=20240715T001200, start_date=20240715T210133, end_date=20240715T210134
[2024-07-15T21:01:34.592+0000] {standard_task_runner.py:107} ERROR - Failed to execute job 23 for task run_script_task (Command '['python', '/opt/airflow/dags/generated_code.py']' returned non-zero exit status 1.; 1063)
[2024-07-15T21:01:34.619+0000] {local_task_job_runner.py:234} INFO - Task exited with return code 1
[2024-07-15T21:01:34.642+0000] {taskinstance.py:3280} INFO - 0 downstream tasks scheduled from follow-on schedule check
[2024-07-16T00:01:20.957+0000] {taskinstance.py:1956} INFO - Dependencies all met for dep_context=non-requeueable deps ti=<TaskInstance: generated_dag.run_script_task scheduled__2024-07-15T00:12:00+00:00 [queued]>
[2024-07-16T00:01:20.973+0000] {taskinstance.py:1956} INFO - Dependencies all met for dep_context=requeueable deps ti=<TaskInstance: generated_dag.run_script_task scheduled__2024-07-15T00:12:00+00:00 [queued]>
[2024-07-16T00:01:20.974+0000] {taskinstance.py:2170} INFO - Starting attempt 1 of 2
[2024-07-16T00:01:20.996+0000] {taskinstance.py:2191} INFO - Executing <Task(PythonOperator): run_script_task> on 2024-07-15 00:12:00+00:00
[2024-07-16T00:01:21.005+0000] {standard_task_runner.py:60} INFO - Started process 2828 to run task
[2024-07-16T00:01:21.010+0000] {standard_task_runner.py:87} INFO - Running: ['***', 'tasks', 'run', 'generated_dag', 'run_script_task', 'scheduled__2024-07-15T00:12:00+00:00', '--job-id', '1073', '--raw', '--subdir', 'DAGS_FOLDER/generated_dag.py', '--cfg-path', '/tmp/tmpnuelf8bw']
[2024-07-16T00:01:21.015+0000] {standard_task_runner.py:88} INFO - Job 1073: Subtask run_script_task
[2024-07-16T00:01:21.101+0000] {task_command.py:423} INFO - Running <TaskInstance: generated_dag.run_script_task scheduled__2024-07-15T00:12:00+00:00 [running]> on host 3f7dfc26d15f
[2024-07-16T00:01:21.295+0000] {taskinstance.py:2480} INFO - Exporting env vars: AIRFLOW_CTX_DAG_OWNER='***' AIRFLOW_CTX_DAG_ID='generated_dag' AIRFLOW_CTX_TASK_ID='run_script_task' AIRFLOW_CTX_EXECUTION_DATE='2024-07-15T00:12:00+00:00' AIRFLOW_CTX_TRY_NUMBER='1' AIRFLOW_CTX_DAG_RUN_ID='scheduled__2024-07-15T00:12:00+00:00'
[2024-07-16T00:01:22.262+0000] {taskinstance.py:2698} ERROR - Task failed with exception
Traceback (most recent call last):
  File "/home/airflow/.local/lib/python3.8/site-packages/airflow/models/taskinstance.py", line 433, in _execute_task
    result = execute_callable(context=context, **execute_callable_kwargs)
  File "/home/airflow/.local/lib/python3.8/site-packages/airflow/operators/python.py", line 199, in execute
    return_value = self.execute_callable()
  File "/home/airflow/.local/lib/python3.8/site-packages/airflow/operators/python.py", line 216, in execute_callable
    return self.python_callable(*self.op_args, **self.op_kwargs)
  File "/opt/airflow/dags/generated_dag.py", line 7, in run_script
    subprocess.run(['python', '/opt/airflow/dags/generated_code.py'], check=True)
  File "/usr/local/lib/python3.8/subprocess.py", line 516, in run
    raise CalledProcessError(retcode, process.args,
subprocess.CalledProcessError: Command '['python', '/opt/airflow/dags/generated_code.py']' returned non-zero exit status 1.
[2024-07-16T00:01:22.281+0000] {taskinstance.py:1138} INFO - Marking task as UP_FOR_RETRY. dag_id=generated_dag, task_id=run_script_task, execution_date=20240715T001200, start_date=20240716T000120, end_date=20240716T000122
[2024-07-16T00:01:22.305+0000] {standard_task_runner.py:107} ERROR - Failed to execute job 1073 for task run_script_task (Command '['python', '/opt/airflow/dags/generated_code.py']' returned non-zero exit status 1.; 2828)
[2024-07-16T00:01:22.348+0000] {local_task_job_runner.py:234} INFO - Task exited with return code 1
[2024-07-16T00:01:22.456+0000] {taskinstance.py:3280} INFO - 0 downstream tasks scheduled from follow-on schedule check
