[2024-07-15T21:01:31.565+0000] {taskinstance.py:1956} INFO - Dependencies all met for dep_context=non-requeueable deps ti=<TaskInstance: generated_dag.run_script_task scheduled__2024-07-15T00:07:00+00:00 [queued]>
[2024-07-15T21:01:31.597+0000] {taskinstance.py:1956} INFO - Dependencies all met for dep_context=requeueable deps ti=<TaskInstance: generated_dag.run_script_task scheduled__2024-07-15T00:07:00+00:00 [queued]>
[2024-07-15T21:01:31.598+0000] {taskinstance.py:2170} INFO - Starting attempt 1 of 2
[2024-07-15T21:01:31.638+0000] {taskinstance.py:2191} INFO - Executing <Task(PythonOperator): run_script_task> on 2024-07-15 00:07:00+00:00
[2024-07-15T21:01:31.651+0000] {standard_task_runner.py:60} INFO - Started process 1040 to run task
[2024-07-15T21:01:31.682+0000] {standard_task_runner.py:87} INFO - Running: ['***', 'tasks', 'run', 'generated_dag', 'run_script_task', 'scheduled__2024-07-15T00:07:00+00:00', '--job-id', '18', '--raw', '--subdir', 'DAGS_FOLDER/generated_dag.py', '--cfg-path', '/tmp/tmp_dcncjxl']
[2024-07-15T21:01:31.712+0000] {standard_task_runner.py:88} INFO - Job 18: Subtask run_script_task
[2024-07-15T21:01:31.890+0000] {task_command.py:423} INFO - Running <TaskInstance: generated_dag.run_script_task scheduled__2024-07-15T00:07:00+00:00 [running]> on host e66935bdb0d8
[2024-07-15T21:01:32.145+0000] {taskinstance.py:2480} INFO - Exporting env vars: AIRFLOW_CTX_DAG_OWNER='***' AIRFLOW_CTX_DAG_ID='generated_dag' AIRFLOW_CTX_TASK_ID='run_script_task' AIRFLOW_CTX_EXECUTION_DATE='2024-07-15T00:07:00+00:00' AIRFLOW_CTX_TRY_NUMBER='1' AIRFLOW_CTX_DAG_RUN_ID='scheduled__2024-07-15T00:07:00+00:00'
[2024-07-15T21:01:33.867+0000] {taskinstance.py:2698} ERROR - Task failed with exception
Traceback (most recent call last):
  File "/home/airflow/.local/lib/python3.8/site-packages/airflow/models/taskinstance.py", line 433, in _execute_task
    result = execute_callable(context=context, **execute_callable_kwargs)
  File "/home/airflow/.local/lib/python3.8/site-packages/airflow/operators/python.py", line 199, in execute
    return_value = self.execute_callable()
  File "/home/airflow/.local/lib/python3.8/site-packages/airflow/operators/python.py", line 216, in execute_callable
    return self.python_callable(*self.op_args, **self.op_kwargs)
  File "/opt/airflow/dags/generated_dag.py", line 7, in run_script
    subprocess.run(['python', '/opt/airflow/dags/generated_code.py'], check=True)
  File "/usr/local/lib/python3.8/subprocess.py", line 516, in run
    raise CalledProcessError(retcode, process.args,
subprocess.CalledProcessError: Command '['python', '/opt/airflow/dags/generated_code.py']' returned non-zero exit status 1.
[2024-07-15T21:01:33.891+0000] {taskinstance.py:1138} INFO - Marking task as UP_FOR_RETRY. dag_id=generated_dag, task_id=run_script_task, execution_date=20240715T000700, start_date=20240715T210131, end_date=20240715T210133
[2024-07-15T21:01:33.916+0000] {standard_task_runner.py:107} ERROR - Failed to execute job 18 for task run_script_task (Command '['python', '/opt/airflow/dags/generated_code.py']' returned non-zero exit status 1.; 1040)
[2024-07-15T21:01:33.963+0000] {local_task_job_runner.py:234} INFO - Task exited with return code 1
[2024-07-15T21:01:33.991+0000] {taskinstance.py:3280} INFO - 0 downstream tasks scheduled from follow-on schedule check
[2024-07-16T00:01:18.843+0000] {taskinstance.py:1956} INFO - Dependencies all met for dep_context=non-requeueable deps ti=<TaskInstance: generated_dag.run_script_task scheduled__2024-07-15T00:07:00+00:00 [queued]>
[2024-07-16T00:01:18.865+0000] {taskinstance.py:1956} INFO - Dependencies all met for dep_context=requeueable deps ti=<TaskInstance: generated_dag.run_script_task scheduled__2024-07-15T00:07:00+00:00 [queued]>
[2024-07-16T00:01:18.866+0000] {taskinstance.py:2170} INFO - Starting attempt 1 of 2
[2024-07-16T00:01:18.902+0000] {taskinstance.py:2191} INFO - Executing <Task(PythonOperator): run_script_task> on 2024-07-15 00:07:00+00:00
[2024-07-16T00:01:18.913+0000] {standard_task_runner.py:60} INFO - Started process 2808 to run task
[2024-07-16T00:01:18.921+0000] {standard_task_runner.py:87} INFO - Running: ['***', 'tasks', 'run', 'generated_dag', 'run_script_task', 'scheduled__2024-07-15T00:07:00+00:00', '--job-id', '1068', '--raw', '--subdir', 'DAGS_FOLDER/generated_dag.py', '--cfg-path', '/tmp/tmpr8t91w60']
[2024-07-16T00:01:18.928+0000] {standard_task_runner.py:88} INFO - Job 1068: Subtask run_script_task
[2024-07-16T00:01:19.064+0000] {task_command.py:423} INFO - Running <TaskInstance: generated_dag.run_script_task scheduled__2024-07-15T00:07:00+00:00 [running]> on host 3f7dfc26d15f
[2024-07-16T00:01:19.274+0000] {taskinstance.py:2480} INFO - Exporting env vars: AIRFLOW_CTX_DAG_OWNER='***' AIRFLOW_CTX_DAG_ID='generated_dag' AIRFLOW_CTX_TASK_ID='run_script_task' AIRFLOW_CTX_EXECUTION_DATE='2024-07-15T00:07:00+00:00' AIRFLOW_CTX_TRY_NUMBER='1' AIRFLOW_CTX_DAG_RUN_ID='scheduled__2024-07-15T00:07:00+00:00'
[2024-07-16T00:01:20.913+0000] {taskinstance.py:2698} ERROR - Task failed with exception
Traceback (most recent call last):
  File "/home/airflow/.local/lib/python3.8/site-packages/airflow/models/taskinstance.py", line 433, in _execute_task
    result = execute_callable(context=context, **execute_callable_kwargs)
  File "/home/airflow/.local/lib/python3.8/site-packages/airflow/operators/python.py", line 199, in execute
    return_value = self.execute_callable()
  File "/home/airflow/.local/lib/python3.8/site-packages/airflow/operators/python.py", line 216, in execute_callable
    return self.python_callable(*self.op_args, **self.op_kwargs)
  File "/opt/airflow/dags/generated_dag.py", line 7, in run_script
    subprocess.run(['python', '/opt/airflow/dags/generated_code.py'], check=True)
  File "/usr/local/lib/python3.8/subprocess.py", line 516, in run
    raise CalledProcessError(retcode, process.args,
subprocess.CalledProcessError: Command '['python', '/opt/airflow/dags/generated_code.py']' returned non-zero exit status 1.
[2024-07-16T00:01:20.941+0000] {taskinstance.py:1138} INFO - Marking task as UP_FOR_RETRY. dag_id=generated_dag, task_id=run_script_task, execution_date=20240715T000700, start_date=20240716T000118, end_date=20240716T000120
[2024-07-16T00:01:21.148+0000] {standard_task_runner.py:107} ERROR - Failed to execute job 1068 for task run_script_task (Command '['python', '/opt/airflow/dags/generated_code.py']' returned non-zero exit status 1.; 2808)
[2024-07-16T00:01:21.183+0000] {local_task_job_runner.py:234} INFO - Task exited with return code 1
[2024-07-16T00:01:21.232+0000] {taskinstance.py:3280} INFO - 0 downstream tasks scheduled from follow-on schedule check
