[2024-07-15T21:06:36.297+0000] {taskinstance.py:1956} INFO - Dependencies all met for dep_context=non-requeueable deps ti=<TaskInstance: generated_dag.run_script_task scheduled__2024-07-15T00:01:00+00:00 [queued]>
[2024-07-15T21:06:36.320+0000] {taskinstance.py:1956} INFO - Dependencies all met for dep_context=requeueable deps ti=<TaskInstance: generated_dag.run_script_task scheduled__2024-07-15T00:01:00+00:00 [queued]>
[2024-07-15T21:06:36.321+0000] {taskinstance.py:2170} INFO - Starting attempt 2 of 2
[2024-07-15T21:06:36.351+0000] {taskinstance.py:2191} INFO - Executing <Task(PythonOperator): run_script_task> on 2024-07-15 00:01:00+00:00
[2024-07-15T21:06:36.367+0000] {standard_task_runner.py:60} INFO - Started process 1195 to run task
[2024-07-15T21:06:36.376+0000] {standard_task_runner.py:87} INFO - Running: ['***', 'tasks', 'run', 'generated_dag', 'run_script_task', 'scheduled__2024-07-15T00:01:00+00:00', '--job-id', '30', '--raw', '--subdir', 'DAGS_FOLDER/generated_dag.py', '--cfg-path', '/tmp/tmpcr4uq936']
[2024-07-15T21:06:36.384+0000] {standard_task_runner.py:88} INFO - Job 30: Subtask run_script_task
[2024-07-15T21:06:36.496+0000] {task_command.py:423} INFO - Running <TaskInstance: generated_dag.run_script_task scheduled__2024-07-15T00:01:00+00:00 [running]> on host e66935bdb0d8
[2024-07-15T21:06:36.653+0000] {taskinstance.py:2480} INFO - Exporting env vars: AIRFLOW_CTX_DAG_OWNER='***' AIRFLOW_CTX_DAG_ID='generated_dag' AIRFLOW_CTX_TASK_ID='run_script_task' AIRFLOW_CTX_EXECUTION_DATE='2024-07-15T00:01:00+00:00' AIRFLOW_CTX_TRY_NUMBER='2' AIRFLOW_CTX_DAG_RUN_ID='scheduled__2024-07-15T00:01:00+00:00'
[2024-07-15T21:06:37.714+0000] {taskinstance.py:2698} ERROR - Task failed with exception
Traceback (most recent call last):
  File "/home/airflow/.local/lib/python3.8/site-packages/airflow/models/taskinstance.py", line 433, in _execute_task
    result = execute_callable(context=context, **execute_callable_kwargs)
  File "/home/airflow/.local/lib/python3.8/site-packages/airflow/operators/python.py", line 199, in execute
    return_value = self.execute_callable()
  File "/home/airflow/.local/lib/python3.8/site-packages/airflow/operators/python.py", line 216, in execute_callable
    return self.python_callable(*self.op_args, **self.op_kwargs)
  File "/opt/airflow/dags/generated_dag.py", line 7, in run_script
    subprocess.run(['python', '/opt/airflow/dags/generated_code.py'], check=True)
  File "/usr/local/lib/python3.8/subprocess.py", line 516, in run
    raise CalledProcessError(retcode, process.args,
subprocess.CalledProcessError: Command '['python', '/opt/airflow/dags/generated_code.py']' returned non-zero exit status 1.
[2024-07-15T21:06:37.744+0000] {taskinstance.py:1138} INFO - Marking task as FAILED. dag_id=generated_dag, task_id=run_script_task, execution_date=20240715T000100, start_date=20240715T210636, end_date=20240715T210637
[2024-07-15T21:06:37.771+0000] {standard_task_runner.py:107} ERROR - Failed to execute job 30 for task run_script_task (Command '['python', '/opt/airflow/dags/generated_code.py']' returned non-zero exit status 1.; 1195)
[2024-07-15T21:06:37.815+0000] {local_task_job_runner.py:234} INFO - Task exited with return code 1
[2024-07-15T21:06:37.849+0000] {taskinstance.py:3280} INFO - 0 downstream tasks scheduled from follow-on schedule check
[2024-07-16T00:06:15.149+0000] {taskinstance.py:1956} INFO - Dependencies all met for dep_context=non-requeueable deps ti=<TaskInstance: generated_dag.run_script_task scheduled__2024-07-15T00:01:00+00:00 [queued]>
[2024-07-16T00:06:15.182+0000] {taskinstance.py:1956} INFO - Dependencies all met for dep_context=requeueable deps ti=<TaskInstance: generated_dag.run_script_task scheduled__2024-07-15T00:01:00+00:00 [queued]>
[2024-07-16T00:06:15.185+0000] {taskinstance.py:2170} INFO - Starting attempt 2 of 2
[2024-07-16T00:06:15.234+0000] {taskinstance.py:2191} INFO - Executing <Task(PythonOperator): run_script_task> on 2024-07-15 00:01:00+00:00
[2024-07-16T00:06:15.250+0000] {standard_task_runner.py:60} INFO - Started process 2922 to run task
[2024-07-16T00:06:15.262+0000] {standard_task_runner.py:87} INFO - Running: ['***', 'tasks', 'run', 'generated_dag', 'run_script_task', 'scheduled__2024-07-15T00:01:00+00:00', '--job-id', '1078', '--raw', '--subdir', 'DAGS_FOLDER/generated_dag.py', '--cfg-path', '/tmp/tmphd_8ywp6']
[2024-07-16T00:06:15.273+0000] {standard_task_runner.py:88} INFO - Job 1078: Subtask run_script_task
[2024-07-16T00:06:15.467+0000] {task_command.py:423} INFO - Running <TaskInstance: generated_dag.run_script_task scheduled__2024-07-15T00:01:00+00:00 [running]> on host 3f7dfc26d15f
[2024-07-16T00:06:15.645+0000] {taskinstance.py:2480} INFO - Exporting env vars: AIRFLOW_CTX_DAG_OWNER='***' AIRFLOW_CTX_DAG_ID='generated_dag' AIRFLOW_CTX_TASK_ID='run_script_task' AIRFLOW_CTX_EXECUTION_DATE='2024-07-15T00:01:00+00:00' AIRFLOW_CTX_TRY_NUMBER='2' AIRFLOW_CTX_DAG_RUN_ID='scheduled__2024-07-15T00:01:00+00:00'
[2024-07-16T00:06:16.748+0000] {taskinstance.py:2698} ERROR - Task failed with exception
Traceback (most recent call last):
  File "/home/airflow/.local/lib/python3.8/site-packages/airflow/models/taskinstance.py", line 433, in _execute_task
    result = execute_callable(context=context, **execute_callable_kwargs)
  File "/home/airflow/.local/lib/python3.8/site-packages/airflow/operators/python.py", line 199, in execute
    return_value = self.execute_callable()
  File "/home/airflow/.local/lib/python3.8/site-packages/airflow/operators/python.py", line 216, in execute_callable
    return self.python_callable(*self.op_args, **self.op_kwargs)
  File "/opt/airflow/dags/generated_dag.py", line 7, in run_script
    subprocess.run(['python', '/opt/airflow/dags/generated_code.py'], check=True)
  File "/usr/local/lib/python3.8/subprocess.py", line 516, in run
    raise CalledProcessError(retcode, process.args,
subprocess.CalledProcessError: Command '['python', '/opt/airflow/dags/generated_code.py']' returned non-zero exit status 1.
[2024-07-16T00:06:16.778+0000] {taskinstance.py:1138} INFO - Marking task as FAILED. dag_id=generated_dag, task_id=run_script_task, execution_date=20240715T000100, start_date=20240716T000615, end_date=20240716T000616
[2024-07-16T00:06:16.800+0000] {standard_task_runner.py:107} ERROR - Failed to execute job 1078 for task run_script_task (Command '['python', '/opt/airflow/dags/generated_code.py']' returned non-zero exit status 1.; 2922)
[2024-07-16T00:06:16.844+0000] {local_task_job_runner.py:234} INFO - Task exited with return code 1
[2024-07-16T00:06:16.878+0000] {taskinstance.py:3280} INFO - 0 downstream tasks scheduled from follow-on schedule check
